# Ancile Registry List
# This file contains a list of registry keys that will be modified.
# 	Keys will be placed under the ownership of the Administrator.
# 	Keys will be referenced for changes throughout Ancile.
#
# Lines starting with a "#" are comments and will be ignored.

HKEY_CURRENT_USER\SOFTWARE\Policies\Microsoft\Office\15.0\osm
HKEY_CURRENT_USER\SOFTWARE\Policies\Microsoft\Office\Office\16.0\osm
HKEY_LOCAL_MACHINE\SOFTWARE\Microsoft\wcmsvc\wifinetworkmanager
HKEY_LOCAL_MACHINE\SOFTWARE\Microsoft\Windows\CurrentVersion\DateTime\servers
HKEY_LOCAL_MACHINE\SOFTWARE\Microsoft\Windows\CurrentVersion\Windowsupdate\Auto Update
HKEY_LOCAL_MACHINE\SOFTWARE\Microsoft\Windows Defender\SpyNet
HKEY_LOCAL_MACHINE\SOFTWARE\Policies\Microsoft\SQMClient\Windows
HKEY_LOCAL_MACHINE\SOFTWARE\Policies\Microsoft\Windows\DataCollection
HKEY_LOCAL_MACHINE\SOFTWARE\Policies\Microsoft\Windows\GWX
HKEY_LOCAL_MACHINE\SOFTWARE\Policies\Microsoft\Windows\scripteddiagnosticsprovider\policy
HKEY_LOCAL_MACHINE\SOFTWARE\Policies\Microsoft\Windows\skydrive
HKEY_LOCAL_MACHINE\SOFTWARE\Policies\Microsoft\Windows\WindowsUpdate
HKEY_LOCAL_MACHINE\SYSTEM\CurrentControlSet\Control\WMI\Autologger\AutoLogger-Diagtrack-Listener
HKEY_LOCAL_MACHINE\SYSTEM\CurrentControlSet\Services\w32time\Parameters
HKEY_LOCAL_MACHINE\SYSTEM\CurrentControlSet\Services\w32time\TimeProviders\NtpClient

